Arguments: 
  /usr/local/bin/node /usr/local/bin/yarn

PATH: 
  /usr/local/bin:/usr/bin:/bin:/usr/sbin:/sbin:/usr/local/mysql/bin:/usr/local/mongodb/bin:/Users/kabanoshuntei/Library/Android/sdk/tools:/Users/kabanoshuntei/Library/Android/sdk/platform-tools:/usr/local/mysql/bin:/usr/local/mongodb/bin:/Users/kabanoshuntei/Library/Android/sdk/tools:/Users/kabanoshuntei/Library/Android/sdk/platform-tools

Yarn version: 
  1.3.2

Node version: 
  11.0.0

Platform: 
  darwin x64

npm manifest: 
  {
    "name": "12306node",
    "version": "1.0.0",
    "description": "",
    "main": "main.js",
    "scripts": {
      "test": "echo \"Error: no test specified\" && exit 1"
    },
    "author": "hongrunhui",
    "license": "ISC",
    "devDependencies": {
      "nodemailer": "*",
      "node-schedule": "*"
    },
    "dependencies": {
      "cheerio": "^1.0.0-rc.2",
      "commander": "^2.9.0",
      "inquirer": "^4.0.1",
      "request": "^2.83.0",
      "scanf": "^0.7.3",
      "webpage": "^0.3.0"
    }
  }

yarn manifest: 
  No manifest

Lockfile: 
  No lockfile

Trace: 
  Error: http://registry.npm.taobao.org/dom-serializer/download/dom-serializer-0.1.0.tgz: ETIMEDOUT
      at Timeout._onTimeout (/usr/local/lib/node_modules/yarn/lib/cli.js:123749:19)
      at listOnTimeout (timers.js:324:15)
      at processTimers (timers.js:268:5)
